sContentssContentssContentsContents
Contents
Contents
Contents
Contents
Contents
Contents
Contents
Contents
Contents
Contents
Contents
Contents
Contents
Contents
Contents
Contents
Contents
Contents
Contents
Contents
Contents
C:\Users\Mi\Documents\Rainmeter\Skins\AuroraBar\@Resources\\scripts\123.log
C:\Users\Mi\Documents\Rainmeter\Skins\AuroraBar\@Resources\\scripts\123.log
C:\Users\Mi\Documents\Rainmeter\Skins\AuroraBar\@Resources\\scripts\123.log
C:\Users\Mi\Documents\Rainmeter\Skins\AuroraBar\@Resources\\scripts\123.log
C:\Users\Mi\Documents\Rainmeter\Skins\AuroraBar\@Resources\\scripts\123.log
C:\Users\Mi\Documents\Rainmeter\Skins\AuroraBar\@Resources\\scripts\123.log
C:\Users\Mi\Documents\Rainmeter\Skins\AuroraBar\@Resources\\scripts\123.log
C:\Users\Mi\Documents\Rainmeter\Skins\AuroraBar\@Resources\\scripts\123.log
C:\Users\Mi\Documents\Rainmeter\Skins\AuroraBar\@Resources\\scripts\123.log
C:\Users\Mi\Documents\Rainmeter\Skins\AuroraBar\@Resources\\scripts\123.log
C:\Users\Mi\Documents\Rainmeter\Skins\AuroraBar\@Resources\\scripts\123.log
C:\Users\Mi\Documents\Rainmeter\Skins\AuroraBar\@Resources\\scripts\123.log
C:\Users\Mi\Documents\Rainmeter\Skins\AuroraBar\@Resources\\scripts\123.log
C:\Users\Mi\Documents\Rainmeter\Skins\AuroraBar\@Resources\\scripts\123.log
C:\Users\Mi\Documents\Rainmeter\Skins\AuroraBar\@Resources\\scripts\123.log
C:\Users\Mi\Documents\Rainmeter\Skins\AuroraBar\@Resources\\scripts\123.log
75
75
75
75
75
temp is: 75
temp is: 75
temp is: 75
temp is: 75
temp is: 75
temp is: temp is: temp is: temp is: temp is: temp is: temp is: temp is: temp is: temp is: temp is: temp is: temp is: temp is: temp is: temp is: temp is: temp is: temp is: temp is: temp is: temp is: temp is: temp is: temp is: temp is: temp is: temp is: temp is: temp is: 333
temp is: 333
temp is: 333
temp is: 333
temp is: 333
temp is: 333
temp is: 333
temp is: 333
temp is: 333
temp is: 333
temp is: 333
temp is: temp is: temp is: temp is: temp is: temp is: temp is: temp is: temp is: [sensor.CPU_TOP_1:1]
temp is: [sensor.CPU_TOP_1:1]
temp is: [sensor.CPU_TOP_1:1]
temp is: [sensor.CPU_TOP_1:1]
temp is: [sensor.CPU_TOP_1:1]
temp is: [sensor.CPU_TOP_1:1]
temp is: [sensor.CPU_TOP_1:1]
temp is: [sensor.CPU_TOP_1:1]
temp is: [sensor.CPU_TOP_1:1]
temp is: [sensor.CPU_TOP_1:1]
temp is: [sensor.CPU_TOP_1:1]
temp is: [sensor.CPU_TOP_1:1]
